Arguments: 
  /home/betty/.nvm/versions/node/v14.6.0/bin/node /home/betty/.nvm/versions/node/v14.6.0/bin/yarn add @eslint/config

PATH: 
  /home/betty/.config/nvim-linux64/bin:/home/betty/.local/bin:/home/betty/.vscode-server/bin/704ed70d4fd1c6bd6342c436f1ede30d1cff4710/bin/remote-cli:/home/betty/.nvm/versions/node/v14.6.0/bin:/home/betty/.config/nvim-linux64/bin:/home/betty/.local/bin:/usr/local/sbin:/usr/local/bin:/usr/sbin:/usr/bin:/sbin:/bin:/usr/games:/usr/local/games:/mnt/c/Program Files/Microsoft/jdk-11.0.16.101-hotspot/bin:/mnt/g/Setup/vmware/bin/:/mnt/c/ProgramData/Oracle/Java/javapath:/mnt/c/Program Files (x86)/Common Files/Intel/Shared Libraries/redist/intel64_win/mpirt:/mnt/c/Program Files (x86)/Common Files/Intel/Shared Libraries/redist/intel64_win/compiler:/mnt/c/Program Files (x86)/Common Files/Intel/Shared Libraries/redist/intel64/mpirt:/mnt/c/Program Files (x86)/Common Files/Intel/Shared Libraries/redist/intel64/compiler:/mnt/c/Program Files (x86)/OpenSSH/bin:/mnt/c/xampp/php:/mnt/c/ProgramData/ComposerSetup/bin:/mnt/c/Program Files/Lenovo/Fingerprint Manager Pro/:/mnt/c/Program Files (x86)/Intel/UCRT/:/mnt/c/Program Files/Intel/UCRT/:/mnt/c/Program Files (x86)/Intel/Intel(R) Management Engine Components/DAL:/mnt/c/Program Files/Intel/Intel(R) Management Engine Components/DAL:/mnt/c/Program Files (x86)/Intel/Intel(R) Management Engine Components/IPT:/mnt/c/Program Files/Intel/Intel(R) Management Engine Components/IPT:/mnt/c/Program Files (x86)/Microchip/xc8/v1.43/bin:/mnt/c/Program Files (x86)/Microsoft SQL Server/110/DTS/Binn/:/mnt/c/Program Files/Microsoft SQL Server/110/DTS/Binn/:/mnt/e/Python/Scripts/:/mnt/e/Python/:/mnt/c/WINDOWS/system32:/mnt/c/WINDOWS:/mnt/c/WINDOWS/System32/Wbem:/mnt/c/WINDOWS/System32/WindowsPowerShell/v1.0/:/mnt/c/WINDOWS/System32/OpenSSH/:/mnt/c/Program Files/dotnet/:/mnt/c/Program Files (x86)/dotnet/:/mnt/c/Program Files/Intel/WiFi/bin/:/mnt/c/Program Files/Common Files/Intel/WirelessCommon/:/mnt/g/MinGW/bin:/mnt/c/Program Files/Microsoft SQL Server/Client SDK/ODBC/170/Tools/Binn/:/mnt/c/Program Files/Microsoft SQL Server/Client SDK/ODBC/130/Tools/Binn/:/mnt/c/Program Files (x86)/Microsoft SQL Server/150/Tools/Binn/:/mnt/c/Program Files/Microsoft SQL Server/150/Tools/Binn/:/mnt/c/Program Files/Microsoft SQL Server/150/DTS/Binn/:/mnt/c/Program Files/Microsoft SQL Server/130/Tools/Binn/:/mnt/c/Program Files/nodejs/:/mnt/e/Setup/php-8.0.2-nts-Win32-vs16-x64/:/mnt/c/Program Files (x86)/GnuWin32/bin/:/mnt/c/Program Files/PuTTY/:/mnt/c/Program Files/Git/cmd:/mnt/c/Users/huynh/scoop/shims:/mnt/c/Users/huynh/AppData/Local/Microsoft/WindowsApps:/mnt/f/Microsoft VS Code/bin

Yarn version: 
  1.22.19

Node version: 
  14.6.0

Platform: 
  linux x64

Trace: 
  Error: https://registry.yarnpkg.com/@eslint%2fconfig: Not found
      at Request.params.callback [as _callback] (/home/betty/.nvm/versions/node/v14.6.0/lib/node_modules/yarn/lib/cli.js:66145:18)
      at Request.self.callback (/home/betty/.nvm/versions/node/v14.6.0/lib/node_modules/yarn/lib/cli.js:140890:22)
      at Request.emit (events.js:314:20)
      at Request.<anonymous> (/home/betty/.nvm/versions/node/v14.6.0/lib/node_modules/yarn/lib/cli.js:141862:10)
      at Request.emit (events.js:314:20)
      at IncomingMessage.<anonymous> (/home/betty/.nvm/versions/node/v14.6.0/lib/node_modules/yarn/lib/cli.js:141784:12)
      at Object.onceWrapper (events.js:420:28)
      at IncomingMessage.emit (events.js:326:22)
      at endReadableNT (_stream_readable.js:1244:12)
      at processTicksAndRejections (internal/process/task_queues.js:80:21)

npm manifest: 
  {
    "name": "kafka-authen",
    "version": "1.0.0",
    "description": "",
    "main": "index.js",
    "scripts": {
      "test": "echo \"Error: no test specified\" && exit 1",
      "build": "tsc",
      "start_producer": "tsc && node dist/index.js producer",
      "start_consumer": "tsc && node dist/index.js consumer"
    },
    "keywords": [],
    "author": "",
    "license": "ISC",
    "dependencies": {
      "@types/node": "^18.15.13",
      "node-rdkafka": "^2.15.0",
      "typescript": "^5.0.4"
    }
  }

yarn manifest: 
  No manifest

Lockfile: 
  # THIS IS AN AUTOGENERATED FILE. DO NOT EDIT THIS FILE DIRECTLY.
  # yarn lockfile v1
  
  
  "@types/node@^18.15.13":
    version "18.15.13"
    resolved "https://registry.yarnpkg.com/@types/node/-/node-18.15.13.tgz#f64277c341150c979e42b00e4ac289290c9df469"
    integrity sha512-N+0kuo9KgrUQ1Sn/ifDXsvg0TTleP7rIy4zOBGECxAljqvqfqpTfzx0Q1NUedOixRMBfe2Whhb056a42cWs26Q==
  
  bindings@^1.3.1:
    version "1.5.0"
    resolved "https://registry.yarnpkg.com/bindings/-/bindings-1.5.0.tgz#10353c9e945334bc0511a6d90b38fbc7c9c504df"
    integrity sha512-p2q/t/mhvuOj/UeLlV6566GD/guowlr0hHxClI0W9m7MWYkL1F0hLo+0Aexs9HSPCtR1SXQ0TD3MMKrXZajbiQ==
    dependencies:
      file-uri-to-path "1.0.0"
  
  file-uri-to-path@1.0.0:
    version "1.0.0"
    resolved "https://registry.yarnpkg.com/file-uri-to-path/-/file-uri-to-path-1.0.0.tgz#553a7b8446ff6f684359c445f1e37a05dacc33dd"
    integrity sha512-0Zt+s3L7Vf1biwWZ29aARiVYLx7iMGnEUl9x33fbB/j3jR81u/O2LbqK+Bm1CDSNDKVtJ/YjwY7TUd5SkeLQLw==
  
  nan@^2.17.0:
    version "2.17.0"
    resolved "https://registry.yarnpkg.com/nan/-/nan-2.17.0.tgz#c0150a2368a182f033e9aa5195ec76ea41a199cb"
    integrity sha512-2ZTgtl0nJsO0KQCjEpxcIr5D+Yv90plTitZt9JBfQvVJDS5seMl3FOvsh3+9CoYWXf/1l5OaZzzF6nDm4cagaQ==
  
  node-rdkafka@^2.15.0:
    version "2.15.0"
    resolved "https://registry.yarnpkg.com/node-rdkafka/-/node-rdkafka-2.15.0.tgz#aaee6e9793229e7f029f014a1c44067f5f38d21c"
    integrity sha512-LXeliPuuWC9QaeQL48RWbXz1AUl6M0JAbZJN800VHYMXO+jO7GBc97rtClBau+fMj2qxFiPw+d0IovIIcgaVdw==
    dependencies:
      bindings "^1.3.1"
      nan "^2.17.0"
  
  typescript@^5.0.4:
    version "5.0.4"
    resolved "https://registry.yarnpkg.com/typescript/-/typescript-5.0.4.tgz#b217fd20119bd61a94d4011274e0ab369058da3b"
    integrity sha512-cW9T5W9xY37cc+jfEnaUvX91foxtHkza3Nw3wkoF4sSlKn0MONdkdEndig/qPBWXNkmplh3NzayQzCiHM4/hqw==
